<?xml version="1.0" encoding="UTF-8"?>
<testng-results skipped="0" failed="0" total="1" passed="1">
  <reporter-output>
  </reporter-output>
  <suite name="Command line suite" duration-ms="10" started-at="2017-07-19T05:29:18Z" finished-at="2017-07-19T05:29:18Z">
    <groups>
    </groups>
    <test name="Command line test" duration-ms="10" started-at="2017-07-19T05:29:18Z" finished-at="2017-07-19T05:29:18Z">
      <class name="com.pagelibrary.com.ranford.AppTest">
        <test-method status="PASS" signature="testApp()[pri:0, instance:testApp(com.pagelibrary.com.ranford.AppTest)]" name="testApp" duration-ms="2" started-at="2017-07-19T10:59:18Z" finished-at="2017-07-19T10:59:18Z">
          <reporter-output>
          </reporter-output>
        </test-method> <!-- testApp -->
      </class> <!-- com.pagelibrary.com.ranford.AppTest -->
    </test> <!-- Command line test -->
  </suite> <!-- Command line suite -->
</testng-results>
