<?xml version="1.0" encoding="UTF-8"?>
<testng-results skipped="3" failed="0" total="3" passed="0">
  <reporter-output>
  </reporter-output>
  <suite name="Command line suite" duration-ms="24" started-at="2017-07-19T05:29:18Z" finished-at="2017-07-19T05:29:18Z">
    <groups>
    </groups>
    <test name="Command line test" duration-ms="24" started-at="2017-07-19T05:29:18Z" finished-at="2017-07-19T05:29:18Z">
      <class name="com.pagelibrary.com.ranford.TestExecution">
        <test-method status="FAIL" signature="verify_launch(java.lang.String, java.lang.String)[pri:0, instance:com.pagelibrary.com.ranford.TestExecution@82f6ef]" name="verify_launch" is-config="true" duration-ms="0" started-at="2017-07-19T10:59:18Z" finished-at="2017-07-19T10:59:18Z">
          <exception class="org.testng.TestNGException">
            <message>
              <![CDATA[
Parameter 'url' is required by @Configuration on method verify_launch but has not been marked @Optional or defined
]]>
            </message>
            <full-stacktrace>
              <![CDATA[org.testng.TestNGException: 
Parameter 'url' is required by @Configuration on method verify_launch but has not been marked @Optional or defined

	at org.testng.internal.Parameters.createParameters(Parameters.java:155)
	at org.testng.internal.Parameters.createParameters(Parameters.java:355)
	at org.testng.internal.Parameters.createConfigurationParameters(Parameters.java:86)
	at org.testng.internal.Invoker.invokeConfigurations(Invoker.java:199)
	at org.testng.internal.Invoker.invokeConfigurations(Invoker.java:138)
	at org.testng.TestRunner.beforeRun(TestRunner.java:641)
	at org.testng.TestRunner.run(TestRunner.java:609)
	at org.testng.SuiteRunner.runTest(SuiteRunner.java:334)
	at org.testng.SuiteRunner.runSequentially(SuiteRunner.java:329)
	at org.testng.SuiteRunner.privateRun(SuiteRunner.java:291)
	at org.testng.SuiteRunner.run(SuiteRunner.java:240)
	at org.testng.SuiteRunnerWorker.runSuite(SuiteRunnerWorker.java:52)
	at org.testng.SuiteRunnerWorker.run(SuiteRunnerWorker.java:86)
	at org.testng.TestNG.runSuitesSequentially(TestNG.java:1198)
	at org.testng.TestNG.runSuitesLocally(TestNG.java:1123)
	at org.testng.TestNG.run(TestNG.java:1031)
	at org.apache.maven.surefire.testng.TestNGExecutor.run(TestNGExecutor.java:77)
	at org.apache.maven.surefire.testng.TestNGDirectoryTestSuite.executeMulti(TestNGDirectoryTestSuite.java:159)
	at org.apache.maven.surefire.testng.TestNGDirectoryTestSuite.execute(TestNGDirectoryTestSuite.java:99)
	at org.apache.maven.surefire.testng.TestNGProvider.invoke(TestNGProvider.java:106)
	at sun.reflect.NativeMethodAccessorImpl.invoke0(Native Method)
	at sun.reflect.NativeMethodAccessorImpl.invoke(NativeMethodAccessorImpl.java:62)
	at sun.reflect.DelegatingMethodAccessorImpl.invoke(DelegatingMethodAccessorImpl.java:43)
	at java.lang.reflect.Method.invoke(Method.java:498)
	at org.apache.maven.surefire.util.ReflectionUtils.invokeMethodWithArray(ReflectionUtils.java:189)
	at org.apache.maven.surefire.booter.ProviderFactory$ProviderProxy.invoke(ProviderFactory.java:165)
	at org.apache.maven.surefire.booter.ProviderFactory.invokeProvider(ProviderFactory.java:85)
	at org.apache.maven.surefire.booter.ForkedBooter.runSuitesInProcess(ForkedBooter.java:115)
	at org.apache.maven.surefire.booter.ForkedBooter.main(ForkedBooter.java:75)
]]>
            </full-stacktrace>
          </exception> <!-- org.testng.TestNGException -->
          <reporter-output>
          </reporter-output>
        </test-method> <!-- verify_launch -->
        <test-method status="SKIP" signature="verify_login()[pri:0, instance:com.pagelibrary.com.ranford.TestExecution@82f6ef]" name="verify_login" duration-ms="6" started-at="2017-07-19T10:59:18Z" finished-at="2017-07-19T10:59:18Z">
          <reporter-output>
          </reporter-output>
        </test-method> <!-- verify_login -->
        <test-method status="SKIP" signature="verify_new_branch()[pri:0, instance:com.pagelibrary.com.ranford.TestExecution@82f6ef]" name="verify_new_branch" duration-ms="0" started-at="2017-07-19T10:59:18Z" finished-at="2017-07-19T10:59:18Z">
          <reporter-output>
          </reporter-output>
        </test-method> <!-- verify_new_branch -->
        <test-method status="SKIP" signature="verify_new_employee()[pri:0, instance:com.pagelibrary.com.ranford.TestExecution@82f6ef]" name="verify_new_employee" duration-ms="0" started-at="2017-07-19T10:59:18Z" finished-at="2017-07-19T10:59:18Z">
          <reporter-output>
          </reporter-output>
        </test-method> <!-- verify_new_employee -->
      </class> <!-- com.pagelibrary.com.ranford.TestExecution -->
    </test> <!-- Command line test -->
  </suite> <!-- Command line suite -->
</testng-results>
