<?xml version="1.0" encoding="UTF-8"?>
<testsuite xmlns:xsi="http://www.w3.org/2001/XMLSchema-instance" xsi:noNamespaceSchemaLocation="https://maven.apache.org/surefire/maven-surefire-plugin/xsd/surefire-test-report.xsd" name="TestSuite" time="32.937" tests="25" errors="0" skipped="12" failures="4">
  <properties>
[...]
</properties>
  <testcase name="verify_login" classname="com.pagelibrary.com.ranford.TestExecution" time="1.48"/>
  <testcase name="verify_login" classname="com.pagelibrary.com.ranford.TestExecution" time="0">
    <skipped/>
  </testcase>
  <testcase name="verify_new_branch" classname="com.pagelibrary.com.ranford.TestExecution" time="3.139"/>
  <testcase name="verify_new_branch" classname="com.pagelibrary.com.ranford.TestExecution" time="2.849"/>
  <testcase name="verify_new_branch" classname="com.pagelibrary.com.ranford.TestExecution" time="2.839"/>
  <testcase name="verify_new_branch" classname="com.pagelibrary.com.ranford.TestExecution" time="3.005"/>
  <testcase name="verify_new_branch" classname="com.pagelibrary.com.ranford.TestExecution" time="2.329"/>
  <testcase name="verify_new_branch" classname="com.pagelibrary.com.ranford.TestExecution" time="2.364"/>
  <testcase name="verify_new_branch" classname="com.pagelibrary.com.ranford.TestExecution" time="2.135"/>
  <testcase name="verify_new_branch" classname="com.pagelibrary.com.ranford.TestExecution" time="0">
    <skipped/>
  </testcase>
  <testcase name="verify_new_branch" classname="com.pagelibrary.com.ranford.TestExecution" time="0">
    <skipped/>
  </testcase>
  <testcase name="verify_new_branch" classname="com.pagelibrary.com.ranford.TestExecution" time="0">
    <skipped/>
  </testcase>
  <testcase name="verify_new_branch" classname="com.pagelibrary.com.ranford.TestExecution" time="0">
    <skipped/>
  </testcase>
  <testcase name="verify_new_branch" classname="com.pagelibrary.com.ranford.TestExecution" time="0">
    <skipped/>
  </testcase>
  <testcase name="verify_new_branch" classname="com.pagelibrary.com.ranford.TestExecution" time="0">
    <skipped/>
  </testcase>
  <testcase name="verify_new_branch" classname="com.pagelibrary.com.ranford.TestExecution" time="0">
    <skipped/>
  </testcase>
  <testcase name="verify_new_employee" classname="com.pagelibrary.com.ranford.TestExecution" time="4.446"/>
  <testcase name="verify_new_employee" classname="com.pagelibrary.com.ranford.TestExecution" time="0.016">
    <failure message="Session ID is null. Using WebDriver after calling quit()?&#10;Build info: version: &apos;2.46.0&apos;, revision: &apos;61506a4624b13675f24581e453592342b7485d71&apos;, time: &apos;2015-06-04 10:22:50&apos;&#10;System info: host: &apos;MONTY-PC&apos;, ip: &apos;192.168.3.143&apos;, os.name: &apos;Windows 7&apos;, os.arch: &apos;x86&apos;, os.version: &apos;6.1&apos;, java.version: &apos;1.8.0_111&apos;&#10;Driver info: driver.version: RemoteWebDriver" type="org.openqa.selenium.remote.SessionNotFoundException">org.openqa.selenium.remote.SessionNotFoundException: 
Session ID is null. Using WebDriver after calling quit()?
Build info: version: '2.46.0', revision: '61506a4624b13675f24581e453592342b7485d71', time: '2015-06-04 10:22:50'
System info: host: 'MONTY-PC', ip: '192.168.3.143', os.name: 'Windows 7', os.arch: 'x86', os.version: '6.1', java.version: '1.8.0_111'
Driver info: driver.version: RemoteWebDriver
	at com.pagelibrary.com.ranford.TestExecution.verify_new_employee(TestExecution.java:33)
</failure>
  </testcase>
  <testcase name="verify_new_employee" classname="com.pagelibrary.com.ranford.TestExecution" time="0.001">
    <failure message="Session ID is null. Using WebDriver after calling quit()?&#10;Build info: version: &apos;2.46.0&apos;, revision: &apos;61506a4624b13675f24581e453592342b7485d71&apos;, time: &apos;2015-06-04 10:22:50&apos;&#10;System info: host: &apos;MONTY-PC&apos;, ip: &apos;192.168.3.143&apos;, os.name: &apos;Windows 7&apos;, os.arch: &apos;x86&apos;, os.version: &apos;6.1&apos;, java.version: &apos;1.8.0_111&apos;&#10;Driver info: driver.version: RemoteWebDriver" type="org.openqa.selenium.remote.SessionNotFoundException">org.openqa.selenium.remote.SessionNotFoundException: 
Session ID is null. Using WebDriver after calling quit()?
Build info: version: '2.46.0', revision: '61506a4624b13675f24581e453592342b7485d71', time: '2015-06-04 10:22:50'
System info: host: 'MONTY-PC', ip: '192.168.3.143', os.name: 'Windows 7', os.arch: 'x86', os.version: '6.1', java.version: '1.8.0_111'
Driver info: driver.version: RemoteWebDriver
	at com.pagelibrary.com.ranford.TestExecution.verify_new_employee(TestExecution.java:33)
</failure>
  </testcase>
  <testcase name="verify_new_employee" classname="com.pagelibrary.com.ranford.TestExecution" time="0.001">
    <failure message="Session ID is null. Using WebDriver after calling quit()?&#10;Build info: version: &apos;2.46.0&apos;, revision: &apos;61506a4624b13675f24581e453592342b7485d71&apos;, time: &apos;2015-06-04 10:22:50&apos;&#10;System info: host: &apos;MONTY-PC&apos;, ip: &apos;192.168.3.143&apos;, os.name: &apos;Windows 7&apos;, os.arch: &apos;x86&apos;, os.version: &apos;6.1&apos;, java.version: &apos;1.8.0_111&apos;&#10;Driver info: driver.version: RemoteWebDriver" type="org.openqa.selenium.remote.SessionNotFoundException">org.openqa.selenium.remote.SessionNotFoundException: 
Session ID is null. Using WebDriver after calling quit()?
Build info: version: '2.46.0', revision: '61506a4624b13675f24581e453592342b7485d71', time: '2015-06-04 10:22:50'
System info: host: 'MONTY-PC', ip: '192.168.3.143', os.name: 'Windows 7', os.arch: 'x86', os.version: '6.1', java.version: '1.8.0_111'
Driver info: driver.version: RemoteWebDriver
	at com.pagelibrary.com.ranford.TestExecution.verify_new_employee(TestExecution.java:33)
</failure>
  </testcase>
  <testcase name="verify_new_employee" classname="com.pagelibrary.com.ranford.TestExecution" time="0">
    <skipped/>
  </testcase>
  <testcase name="verify_new_employee" classname="com.pagelibrary.com.ranford.TestExecution" time="0">
    <skipped/>
  </testcase>
  <testcase name="verify_new_employee" classname="com.pagelibrary.com.ranford.TestExecution" time="0">
    <skipped/>
  </testcase>
  <testcase name="verify_new_employee" classname="com.pagelibrary.com.ranford.TestExecution" time="0">
    <skipped/>
  </testcase>
  <testcase name="verify_launch" classname="com.pagelibrary.com.ranford.TestExecution" time="0.796">
    <failure message="org/w3c/dom/ElementTraversal" type="java.lang.NoClassDefFoundError">java.lang.NoClassDefFoundError: org/w3c/dom/ElementTraversal
	at com.pagelibrary.com.ranford.TestExecution.verify_launch(TestExecution.java:14)
Caused by: java.lang.ClassNotFoundException: org.w3c.dom.ElementTraversal
	at com.pagelibrary.com.ranford.TestExecution.verify_launch(TestExecution.java:14)
</failure>
  </testcase>
</testsuite>